 Non-adiabatic couplings for ArHe

       R       NACME12           NACME13           NACME23           NACME14           NACME24           NACME34
     1.97    0.23670376   -1.66365577E-02    1.91511731E+00    1.38242667E-10    8.87907420E-11    1.48590536E-09
     1.98    0.22881486   -2.01432440E-02    2.09391926E+00   -1.40381850E-11    3.54914999E-11   -3.19427724E-10
     1.99    0.22102195   -2.38445576E-02    2.28907860E+00   -2.34225181E-11   -7.49553315E-10   -1.95491875E-11
     2.00    0.21330045   -2.77379263E-02    2.50019787E+00    2.08989545E-11   -4.94640399E-11    1.43398676E-10
     2.01    0.20562377   -3.18145736E-02    2.72578765E+00    2.10028780E-10   -4.24102328E-11    1.33545581E-10
     2.02    0.19796407   -3.60572339E-02    2.96284766E+00   -4.80069873E-11    3.54627024E-11   -6.55012893E-11
     2.03    0.19029351   -4.04376575E-02    3.20643378E+00   -8.20570978E-11   -2.14591017E-12    1.66940887E-10
     2.04    0.18258645   -4.49142192E-02    3.44931033E+00   -6.77377276E-11   -2.36911416E-11    9.05993867E-11
     2.05    0.17482232   -4.94301963E-02    3.68184322E+00   -2.88663292E-11    1.14568515E-10   -2.71357615E-09
     2.06    0.16698934   -5.39134208E-02    3.89232450E+00   -9.69588980E-14   -1.19034426E-11    2.18485845E-10
     2.07    0.15908841   -5.82780878E-02    4.06788862E+00   -7.64984016E-13   -2.09418086E-11    7.22025547E-10
     2.08    0.15113638   -6.24291620E-02    4.19604332E+00    2.35710120E-11   -3.42379538E-11   -7.80965826E-11
     2.09    0.14316754   -6.62693376E-02    4.26659880E+00   -6.29179732E-13   -6.09985946E-11    1.72682574E-09
     2.10    0.13523245   -6.97076391E-02    4.27352718E+00   -3.37731732E-11    2.09778749E-11   -2.27338382E-10
     2.15   -0.09828419   -7.90311390E-02   -3.49808253E+00    3.98724867E-11    1.44879226E-11   -8.92991524E-10
     2.20   -0.06958845   -3.80786246E-02   -1.21415234E+00   -3.81854814E-02   -1.10998771E+00    4.99876627E+01
     2.25   -0.04892773    1.46653078E-12   -3.12890052E-10   -6.70703959E-02   -1.48256042E+00    8.68969532E-11
     2.30   -0.03377059    5.67435845E-13   -2.45024239E-11   -5.56716772E-02   -9.69317176E-01    5.93767190E-11
     2.35   -0.02218709   -2.26257979E-11   -4.09215526E-11   -4.39848242E-02   -6.56249650E-01    7.98371032E-11
     2.40   -0.01302471    3.30380693E-11    5.74575893E-10   -3.27744334E-02   -4.57124811E-01    4.82445650E-11
     2.45   -0.00560180    1.90867299E-13    1.77849019E-10   -2.23229597E-02   -3.24223566E-01   -3.35302992E-11
     2.50    0.00050700    2.19986867E-10   -4.29997676E-11   -1.27134890E-02   -2.31436527E-01    3.60336324E-10
     2.55    0.00558553   -6.48123327E-11    1.83020383E-11   -3.94625001E-03   -1.64013062E-01    3.26413064E-11
     2.60    0.00983513    5.87047605E-13    1.18399339E-10    4.01170708E-03   -1.13268085E-01    5.69948901E-11
     2.65    0.01340572   -4.60283653E-13   -1.46658600E-10    1.12046670E-02   -7.38759747E-02   -2.13665111E-11
     2.70    0.01641286    5.94078341E-11    4.75386142E-10    1.76785528E-02   -4.24484279E-02   -6.48920595E-11
     2.75    0.01894764   -2.72206827E-10   -1.22227751E-09    2.34768442E-02   -1.67583904E-02   -5.50461550E-12
     2.80    0.02108289    1.89212806E-11    1.02069556E-10    2.86391002E-02    4.69998280E-03    3.46870940E-11
     2.85    0.02287726   -4.79098069E-10   -9.40513521E-11    3.32008149E-02    2.29700968E-02   -2.31333271E-11
     2.90    0.02437822   -1.46294555E-11   -2.02671236E-10    3.71938407E-02    3.87902876E-02   -1.06445479E-11
     3.00    0.02664661    6.62162434E-11    1.43579133E-10    4.35872883E-02    6.50651655E-02   -4.35599784E-11
     3.10    0.02811760    1.50023329E-10    1.84554424E-11    4.80285377E-02    8.63007874E-02    6.50221320E-12
     3.20    0.02894514    7.78407208E-11   -1.40061346E-11    5.07117723E-02    1.04036212E-01    2.64162370E-11
     3.30    0.02923596    9.03113071E-11    1.40481540E-09    5.18302513E-02    1.19145338E-01    3.49424945E-11
     3.40    0.02906829   -1.72453472E-10   -4.42847921E-11    5.15833186E-02    1.32124920E-01    7.22278378E-12
     3.50    0.02850403    1.57099483E-11   -1.44652255E-11    5.01773865E-02    1.43249615E-01   -2.91973176E-10
     3.60    0.02759606   -6.71928722E-11   -1.82511018E-10    4.78223957E-02    1.52660789E-01   -1.33899704E-10
     3.70    0.02639246    3.11371990E-11    1.04193315E-10    4.47253639E-02    1.60420767E-01   -1.39669509E-09
     3.80    0.02493854   -8.64977526E-12   -1.57612527E-10    4.10829127E-02    1.66548737E-01   -8.39245835E-11
     3.90    0.02327747    1.35838941E-10   -7.68376677E-11    3.70743675E-02    1.71046370E-01   -4.08619988E-10
     4.00    0.02145020   -7.14081135E-11    2.45296250E-10    3.28566605E-02    1.73917130E-01    2.76519346E-10
     4.10    0.01949515   -8.89097203E-11   -1.22764917E-10    2.85616702E-02    1.75180582E-01   -3.64069738E-11
     4.20    0.01744809   -5.33602231E-13   -1.12285751E-10    2.42959249E-02    1.74882133E-01    1.05009551E-10
     4.30    0.01534207    1.45767404E-10    2.17865550E-10    2.01421753E-02    1.73098469E-01   -9.84812955E-10
     4.40    0.01320757    1.51139328E-10    1.40403398E-10    1.61620218E-02    1.69938664E-01   -4.56998186E-10
     4.50    0.01107253    1.57339825E-10    2.42383612E-10    1.23989063E-02    1.65541571E-01    1.64211530E-10
     4.60    0.00896221   -7.62120728E-11   -3.48334368E-10    8.88112444E-03    1.60070050E-01    1.95352702E-10
     4.70    0.00689898    1.59674660E-10    1.69722148E-10    5.62451464E-03    1.53702977E-01    3.16929001E-10
     4.80    0.00490199    5.30194754E-13   -1.98955485E-10    2.63491968E-03    1.46626395E-01   -8.88852050E-11
     4.90    0.00298704    2.78985443E-10    1.39695626E-10   -8.96120599E-05    1.39024748E-01   -3.58787937E-11
     5.00    0.00116649   -1.46264255E-11    1.77234630E-11   -2.55689893E-03    1.31073351E-01   -3.49965511E-10
     5.10   -0.00055064   -1.39519064E-12   -3.35025251E-12   -4.77894935E-03    1.22932632E-01   -1.19998591E-09
     5.20   -0.00215846    6.52266858E-11   -6.04659098E-10   -6.77056418E-03    1.14744279E-01    1.47610462E-10
     5.30   -0.00365388    2.28499021E-10    8.45761644E-11   -8.54820871E-03    1.06629319E-01   -2.71653804E-10
     5.40   -0.00503622    3.31356076E-10    8.46954832E-11   -1.01291194E-02    9.86876799E-02    5.11155879E-09
     5.50   -0.00630687    1.55794817E-10    1.14359869E-10   -1.15306379E-02    9.09989951E-02    1.50379895E-10
     5.60   -0.00746887    7.44372490E-12    1.00057367E-09   -1.27697172E-02    8.36241667E-02   -4.30375910E-09
     5.70    0.00852655   -1.38625905E-02   -7.66074041E-02    1.16943592E-10   -9.61252664E-11    7.02005986E-09
     5.80    0.00948518   -1.48245330E-02   -6.99784510E-02    2.86990553E-13    4.72171080E-11   -5.16387591E-09
     5.90    0.01035069   -1.56697239E-02   -6.37548077E-02    1.14181553E-10   -4.34431207E-10   -1.19588286E-09
     6.00    0.01112939   -1.64111905E-02   -5.79438194E-02   -1.01590342E-10    5.33192977E-10    4.12064462E-10
     6.20    0.01245231   -1.76291929E-02   -4.75500586E-02    7.37521760E-11    1.89880335E-10   -2.53725984E-09
     6.40    0.01350493   -1.85598331E-02   -3.87216342E-02   -2.46857732E-11    1.86005504E-11   -1.52892941E-09
     6.60    0.01433463   -1.92679823E-02   -3.13225078E-02    4.91271923E-11   -2.82904234E-11    9.01478997E-09
     6.80    0.01498322   -1.98046365E-02   -2.51884318E-02    3.46114839E-11    2.35423295E-12    2.98134714E-10
     7.00    0.01548645   -2.02095805E-02   -2.01486564E-02    7.35177591E-14    2.24985517E-11    1.73156539E-08
     7.20    0.01587422   -2.05137377E-02   -1.60393848E-02   -5.68075842E-11    1.68839038E-11    3.76867684E-11
     7.40    0.01617112   -2.07411075E-02   -1.27110838E-02   -1.37535900E-11    9.09470365E-12    3.76591908E-11
     7.60    0.01639713   -2.09102869E-02   -1.00315601E-02   -8.53898806E-12    1.78786040E-11   -4.98584278E-10
     7.80    0.01656834   -2.10356290E-02   -7.88646736E-03   -4.59323467E-11   -3.10523018E-10    3.14030653E-09
     8.00    0.01669749   -2.11281502E-02   -6.17831108E-03   -9.92334983E-12    5.19996997E-11   -5.21677704E-10
     8.20    0.01679460   -2.11962445E-02   -4.82485294E-03   -2.47797559E-12    3.86173214E-11   -3.05214087E-11
     8.40    0.01686745   -2.12462485E-02   -3.75733639E-03   -7.24111216E-12    8.70710623E-12    3.15926261E-11
     8.60    0.01692201   -2.12829062E-02   -2.91878585E-03    4.21900328E-13   -4.45966220E-11   -5.86698084E-09
     8.80    0.01696282   -2.13097373E-02   -2.26238399E-03    1.29507440E-12    5.47704780E-11   -2.43507063E-09
     9.00    0.01699332   -2.13293421E-02   -1.75003006E-03    1.12667586E-11   -3.33212838E-11    4.85282707E-10
     9.20    0.01701606   -2.13436259E-02   -1.35102357E-03   -3.42688875E-11   -5.58382426E-11    8.14920776E-10
     9.40    0.01703300   -2.13539918E-02   -1.04085764E-03   -3.75007093E-11    6.64254110E-11   -4.97096051E-10
     9.60    0.01704556   -2.13614706E-02   -8.00122764E-04   -1.15451539E-11   -6.56666474E-11    5.68289856E-10
     9.80    0.01705485   -2.13668229E-02   -6.13578389E-04    3.18970437E-10   -5.09998860E-11    1.37530677E-10
    10.00    0.01706168   -2.13706178E-02   -4.69276617E-04    1.83678124E-10   -7.17115264E-10   -4.09158788E-10
    10.50    0.01707000   -2.13800000E-02   -2.48171000E-04   -2.22103000E-11   -5.92889000E-10   -3.47598000E-11
    11.00    0.01707609   -2.13777025E-02   -1.17955311E-04    5.92665391E-11    1.82314919E-11    2.04662085E-10
