 Non-adiabatic couplings for ArHe

       R       NACME12           NACME13           NACME14           NACME15           NACME23           NACME24       NACME25           NACME34           NACME35           NACME45
     1.97    0.02720249   -1.22198012E-02    1.49324860E-12    7.55789513E-03    2.29235866E-01    1.12457733E-12    0.02668105   -4.84715943E-11    6.52410239E-01   -3.45043703E-11
     1.98    0.02654111   -1.28308926E-02   -5.75489212E-12    7.32997621E-03    2.21755845E-01   -1.50569373E-12    0.02840287   -1.24565206E-11    6.79403767E-01    6.19194181E-11
     1.99    0.02588332   -1.34222275E-02    1.97603262E-12    7.08860861E-03    2.14451064E-01   -1.66106354E-10    0.03011642    3.12130761E-12    7.07382027E-01   -4.67033975E-13
     2.00    0.02522915   -1.39941071E-02    3.89827490E-12    6.83377489E-03    2.07315971E-01    7.19676902E-13    0.03181844   -3.46855192E-12    7.36341632E-01    2.44741573E-11
     2.01    0.02457867   -1.45467989E-02   -2.83041845E-13    6.56545232E-03    2.00345009E-01   -4.41239580E-12    0.03350566    9.93238082E-12    7.66271255E-01    6.06055588E-11
     2.02    0.02393193   -1.50805318E-02   -7.96294911E-14    6.28361791E-03    1.93532627E-01   -5.42301014E-13    0.03517477    2.61110485E-11    7.97150332E-01    2.60247346E-12
     2.03    0.02328899   -1.55954966E-02   -1.66612194E-13    5.98825059E-03    1.86873333E-01   -1.70348131E-12    0.03682246    3.32848431E-11    8.28947640E-01   -1.24776496E-11
     2.04    0.02264991   -1.60918501E-02   -1.38170522E-13    5.67933343E-03    1.80361701E-01    5.79909920E-13    0.03844537    3.09681867E-13    8.61619815E-01    4.90464040E-11
     2.05    0.02201474   -1.65697051E-02   -1.48516687E-12    5.35686183E-03    1.73992408E-01    1.66577151E-12    0.04004009   -3.44179061E-11    8.95109774E-01    2.25904744E-11
     2.06    0.02138353   -1.70291446E-02   -1.24372389E-13    5.02084374E-03    1.67760248E-01    1.01077026E-12    0.04160319   -1.38735116E-11    9.29345103E-01    1.01244750E-10
     2.07    0.02075636   -1.74702076E-02   -1.02214346E-13    4.67130837E-03    1.61660180E-01   -8.69633584E-12    0.04313119   -6.35952202E-11    9.64236471E-01   -3.44296871E-11
     2.08    0.02013326   -1.78929011E-02    1.67568943E-13    4.30831119E-03    1.55687337E-01    1.06079162E-11    0.04462055   -4.31778903E-11    9.99676102E-01    1.91382196E-11
     2.09    0.01951431   -1.82971949E-02    1.68858169E-13    3.93193910E-03    1.49837060E-01   -4.30252591E-13    0.04606771   -6.88904989E-11    1.03553634E+00   -3.46190644E-11
     2.10    0.01889953   -1.86830267E-02   -5.40182811E-14    3.54231929E-03    1.44104936E-01   -3.36156836E-14    0.04746904   -4.75559742E-10    1.07166845E+00   -2.56026689E-11
     2.15    0.01589020   -2.03312294E-02    6.61308183E-14    1.40365994E-03    1.17081947E-01    1.76928907E-11    0.05365929   -6.20520790E-10    1.24965477E+00    4.68183480E-11
     2.20    0.01299227    3.03871715E-14   -2.14971291E-02   -1.01161482E-03   -3.21305913E-14    9.25326244E-02    0.05815626    2.44315832E-10   -4.00522110E-10    1.40001137E+00
     2.25    0.01020974   -8.92862173E-14   -2.21687491E-02   -3.60414163E-03   -2.53354516E-11    7.03073313E-02    0.06057296    1.40057976E-11    5.95280209E-12    1.48670008E+00
     2.30    0.00754495    3.73952036E-13   -2.23665237E-02   -6.22506570E-03   -2.00241162E-13    5.04778236E-02    0.06072469   -4.97195955E-11   -1.34339714E-09    1.48321937E+00
     2.35    0.00499860    1.15388412E-12   -2.21600459E-02   -8.70967846E-03   -3.49362133E-11    3.32051828E-02    0.05873837    5.23437074E-11    9.39317476E-10    1.38941854E+00
     2.40    0.00256995   -2.94958268E-13   -2.16574537E-02   -1.09252732E-02    1.09557843E-13    1.85642741E-02    0.05503072   -1.56320679E-11   -3.30767983E-10    1.23158665E+00
     2.45    0.00025705    1.41588884E-13   -2.09745249E-02   -1.27999802E-02   -1.47074208E-10    6.44724577E-03    0.05015821    4.23091493E-11   -1.79343837E-10    1.04572066E+00
     2.50   -0.00194300   -7.01022763E-14   -2.02072194E-02   -1.43196457E-02   -9.96900911E-11   -3.41300789E-03    0.04465186   -2.28209073E-11   -7.80360536E-11    8.60948810E-01
     2.55   -0.00403380   -1.32189160E-13   -1.94211312E-02   -1.55068992E-02    1.01895985E-10   -1.13595120E-02    0.03892528    2.19833959E-11    2.21214252E-10    6.93730890E-01
     2.60   -0.00601944    9.87545506E-14   -1.86544153E-02   -1.64003589E-02    1.99845996E-13   -1.77366453E-02    0.03325952   -1.02568436E-09   -1.26244257E-10    5.50143670E-01
     2.65   -0.00790427   -3.15538441E-13   -1.79256447E-02   -1.70414275E-02   -5.68577539E-11   -2.28491815E-02    0.02782699    6.96890634E-11   -9.35807012E-12    4.30237365E-01
     2.70   -0.00969282    4.88123446E-14   -1.72412208E-02   -1.74680861E-02    9.01529371E-13   -2.69489817E-02    0.02272394    6.60842591E-11   -3.20295345E-11    3.31401036E-01
     2.75   -0.01138962    7.91695946E-14   -1.66006868E-02   -1.77128956E-02    7.13487818E-13   -3.02366729E-02    0.01799771    8.04054513E-10    3.11800302E-10    2.50270031E-01
     2.80   -0.01299915    2.85093396E-13   -1.60000741E-02   -1.78029989E-02    1.31593073E-10   -3.28690928E-02    0.01366593    1.49921472E-10   -1.21595088E-10    1.83606883E-01
     2.85   -0.01452576    3.05814863E-13   -1.54338726E-02   -1.77608638E-02   -5.92483579E-13   -3.49678364E-02    0.00972893   -1.43096301E-10    1.60422631E-11    1.28621928E-01
     2.90   -0.01597365    5.26386338E-14   -1.48961391E-02   -1.76051945E-02    7.96797882E-11   -3.66269525E-02    0.00617741   -2.20717153E-12    8.84604257E-13    8.30322812E-02
     3.00   -0.01864893    4.00337061E-13   -1.38834782E-02   -1.70141421E-02    8.88048399E-11   -3.89014720E-02    0.00017044   -2.69207124E-10    3.43754480E-10    1.31393933E-02
     3.10   -0.02105387   -4.19169903E-14   -1.29225665E-02   -1.61324555E-02   -4.36898879E-12   -4.01031701E-02   -0.00449312    1.11545395E-10    2.01163340E-10   -3.64681180E-02
     3.20   -0.02321333   -2.85244012E-13   -1.19846112E-02   -1.50412912E-02    2.27908093E-10   -4.04866890E-02   -0.00795971   -1.62872348E-10    6.01132399E-12   -7.22202940E-02
     3.30   -0.02514845   -7.18742271E-14   -1.10516896E-02   -1.38085115E-02    7.98337029E-13   -4.02166956E-02   -0.01037246   -8.52611007E-12    2.88978847E-11   -9.81505955E-02
     3.40   -0.02687737   -4.35880983E-13   -1.01155076E-02   -1.24923762E-02   -2.07092974E-12   -3.94063285E-02   -0.01186891    1.20234746E-10   -7.13602548E-10   -1.16860669E-01
     3.50   -0.02841602   -2.18372791E-13   -9.17560869E-03   -1.11428750E-02    5.72664860E-13   -3.81398092E-02   -0.01258075    8.49268275E-13    4.06376783E-10   -1.30088958E-01
     3.60   -0.02977885   -1.60256989E-13   -8.23735235E-03   -9.80201915E-03   -9.20954746E-11   -3.64858009E-02   -0.01263375    3.63461932E-11   -3.12516897E-11   -1.39043382E-01
     3.70   -0.03097937    2.29516208E-13   -7.30986400E-03   -8.50383275E-03    3.17660256E-10   -3.45050559E-02   -0.01214702   -1.74468281E-11    2.42584646E-11   -1.44597539E-01
     3.80   -0.03203054   -2.58718760E-13   -6.40412758E-03   -7.27444851E-03   -9.27717114E-11   -3.22544307E-02   -0.01123162    9.52133043E-11   -8.83838103E-11   -1.47409212E-01
     3.90   -0.03294499   -4.60829532E-13   -5.53137968E-03   -6.13248151E-03    1.45744719E-13   -2.97884790E-02   -0.00998893    1.56179073E-10   -4.16318538E-11   -1.47993851E-01
     4.00   -0.03373505   -1.45209424E-13   -4.70190025E-03   -5.08972604E-03   -2.11548573E-12   -2.71595404E-02   -0.00850898    2.07998637E-10   -6.46943065E-11   -1.46770978E-01
     4.10   -0.03441278    2.70274678E-13   -3.92424764E-03   -4.15211439E-03    9.43424777E-11   -2.44170899E-02   -0.00686935    4.85568395E-11    1.80470318E-11   -1.44092834E-01
     4.20   -0.03498978   -2.19410446E-13   -3.20489258E-03   -3.32082376E-03   -9.39823268E-11   -2.16069019E-02   -0.00513494    4.40102757E-11    5.73954709E-10   -1.40261089E-01
     4.30   -0.03547717   -4.33660290E-14   -2.54815342E-03   -2.59339430E-03    1.14389272E-10   -1.87704125E-02   -0.00335862    1.70643438E-10   -2.12031466E-11   -1.35536107E-01
     4.40   -0.03588544   -2.52230686E-13   -1.95631704E-03   -1.96474429E-03   -2.71804424E-10   -1.59443582E-02   -0.00158247   -1.87345010E-10    2.19148617E-11   -1.30142010E-01
     4.50   -0.03622442   -8.94507133E-14   -1.42984897E-03   -1.42802673E-03   -8.86270381E-11   -1.31606613E-02    0.00016072    8.93644123E-11   -6.20144442E-12   -1.24270143E-01
     4.60   -0.03650324   -1.50021553E-13   -9.67644276E-04   -9.75316725E-04    6.49641642E-11   -1.04464464E-02    0.00184594    6.33068734E-11   -5.83601629E-10   -1.18082150E-01
     4.70   -0.03673027   -3.03605847E-14   -5.67292202E-04   -5.98153902E-04   -6.61707820E-12   -7.82413595E-03    0.00345476    2.86125404E-11   -1.09323207E-11   -1.11713091E-01
     4.80   -0.03691314    6.80206455E-14   -2.25354635E-04   -2.87964517E-04   -9.56042042E-11   -5.31160978E-03    0.00497429   -2.80360445E-10    2.23171422E-10   -1.05274599E-01
     4.90   -0.03705869   -3.19929634E-13    6.23716029E-05   -3.63737060E-05   -1.06173508E-10   -2.92242636E-03    0.00639624   -3.66252035E-11   -5.84634295E-11   -9.88579418E-02
     5.00   -0.03717298   -1.45390151E-13    3.00530532E-04    1.64529403E-04   -8.28219446E-11   -6.66210254E-04    0.00771628   -3.80150717E-10   -2.57713855E-10   -9.25362771E-02
     5.10   -0.03726129    2.38984152E-15    4.94041065E-04    3.22065398E-04   -9.76337717E-11    1.45101699E-03    0.00893314   -1.03748567E-10    2.19792110E-10   -8.63676865E-02
     5.20   -0.03732825    1.72851356E-13    6.47868732E-04    4.42880214E-04    3.60423298E-10    3.42639390E-03    0.01004804    4.20128587E-11   -1.57455574E-10   -8.03969949E-02
     5.30   -0.03737778   -4.58731191E-14    7.66852659E-04    5.32886026E-04    9.62558559E-11    5.25972815E-03    0.01106405   -7.99642589E-11   -5.90636992E-11   -7.46577260E-02
     5.40   -0.03741321    1.08135343E-13    8.55595377E-04    5.97278998E-04    5.12910994E-12    6.95304710E-03    0.01198563    3.32481631E-09   -2.26812582E-13   -6.91738269E-02
     5.50   -0.03743736   -2.33440343E-15    9.18383175E-04    6.40567483E-04    9.53972390E-11    8.51016807E-03    0.01281812   -5.62480986E-10   -3.72749106E-10   -6.39612249E-02
     5.60   -0.03745255    1.22578625E-13    9.59138900E-04    6.66627511E-04    8.49652140E-11    9.93629051E-03    0.01356744    1.23529177E-10   -7.34248666E-12   -5.90291805E-02
     5.70   -0.03746072   -1.59085570E-13    9.81396807E-04    6.78759475E-04    1.13868530E-13    1.12376463E-02    0.01423977   -1.57187543E-09   -1.50783523E-11   -5.43814627E-02
     5.80   -0.03746346   -3.35893763E-14    9.88304318E-04    6.79752181E-04   -9.14648304E-11    1.24211690E-02    0.01484133    6.52438778E-10   -1.78096036E-12   -5.00174174E-02
     5.90   -0.03746208    1.43394427E-13    9.82630447E-04    6.71947791E-04   -9.16138158E-11    1.34942183E-02    0.01537822    3.35097369E-09   -1.32599016E-12   -4.59328417E-02
     6.00   -0.03745763   -1.31907805E-11    9.66789708E-04    6.57299826E-04   -1.67032257E-12    1.44643672E-02    0.01585632    3.55241191E-09   -5.54206244E-11   -4.21207605E-02
     6.20   -0.03744285    9.12670237E-04    1.92282040E-13    6.13685880E-04    1.61261768E-02   -3.33531056E-10    0.01665799   -5.64370879E-09   -3.52764119E-02   -1.79353314E-11
     6.40   -0.03742414    8.39309601E-04   -1.34524192E-14    5.58769135E-04    1.74651558E-02    1.01970896E-10    0.01728636    3.41932909E-10   -2.93966226E-02    1.15729620E-11
     6.60   -0.03740460    7.56340693E-04    1.50061147E-13    4.99174225E-04    1.85350917E-02    6.94987592E-11    0.01777543    3.89912375E-10   -2.43828294E-02   -1.81425956E-11
     6.80   -0.03738605    6.70528086E-04    2.09439439E-13    4.39252581E-04    1.93836079E-02    9.61373597E-11    0.01815344   -1.33754594E-09   -2.01349698E-02    4.31980918E-12
     7.00   -0.03736940    5.86465961E-04    5.12352424E-13    3.81767401E-04    2.00518602E-02    4.59889978E-12    0.01844363   -2.61761460E-08   -1.65570171E-02    1.51349942E-11
     7.20   -0.03735501    5.07114020E-04   -1.22076279E-13    3.28367284E-04    2.05747753E-02    8.12963057E-11    0.01866492    2.14885647E-09   -1.35598388E-02   -1.60308236E-10
     7.40   -0.03734290    4.34216474E-04    4.44964022E-13    2.79923144E-04    2.09815783E-02    5.63096206E-13    0.01883259   -1.82301307E-09   -1.10623725E-02    1.05367567E-11
     7.60   -0.03733290    3.68631176E-04   -2.31049945E-17    2.36769038E-04    2.12964168E-02   -9.08026816E-11    0.01895889   -2.10297990E-09   -8.99186719E-03   -8.75906381E-12
     7.80   -0.03732475    3.10592429E-04   -3.21967521E-14    1.98880843E-04    2.15389950E-02   -1.26005490E-12    0.01905351    2.18052851E-09   -7.28368484E-03   -8.97526816E-12
     8.00   -0.03731820    2.59916633E-04    3.51835259E-13    1.66007960E-04    2.17251998E-02   -9.04874739E-11    0.01912407    4.53679207E-10   -5.88089716E-03    4.55236538E-13
     8.20   -0.03731297    2.16160913E-04   -2.65836894E-13    1.37768223E-04    2.18676968E-02   -2.73729875E-13    0.01917645    4.65860684E-09   -4.73380923E-03    7.70357605E-10
     8.40   -0.03730884    1.78738173E-04    1.57152905E-13    1.13714903E-04    2.19764713E-02   -9.06004855E-11    0.01921518   -7.56643704E-10   -3.79946312E-03    4.65986631E-10
     8.60   -0.03730561    1.46998867E-04    1.62066483E-14    9.33837204E-05    2.20593243E-02    2.15552228E-10    0.01924370   -2.22243615E-10   -3.04109130E-03    7.52374105E-12
     8.80   -0.03730309    1.20283317E-04    1.21662542E-14    7.63178287E-05    2.21223024E-02   -9.11945995E-11    0.01926461   -2.52334379E-09   -2.42753273E-03   -3.80308432E-11
     9.00   -0.03730116    9.79550133E-05    2.17219987E-13    6.20866006E-05    2.21700707E-02   -1.72802625E-13    0.01927984   -1.83862004E-09   -1.93261593E-03    1.25259286E-11
     9.20   -0.03729968    7.94173682E-05    1.45486382E-13    5.02934924E-05    2.22062089E-02   -9.10678920E-11    0.01929087   -3.41007543E-10   -1.53453681E-03    1.63232132E-11
     9.40   -0.03729856    6.41248415E-05   -2.43161878E-13    4.05788407E-05    2.22334668E-02    2.85360068E-10    0.01929878   -8.13176572E-10   -1.21525879E-03   -1.29090537E-11
     9.60   -0.03729772    5.15848190E-05   -1.81528916E-12    3.26231470E-05    2.22539542E-02    8.50853158E-12    0.01930439   -5.17055073E-10   -9.59916226E-04   -3.07876685E-11
     9.80   -0.03729710    4.13603257E-05   -1.36096799E-12    2.61419706E-05    2.22692911E-02   -4.99749843E-13    0.01930830   -3.97616871E-10   -7.56326817E-04    2.04789408E-11
    10.00   -0.03729664    3.30662509E-05   -1.09314581E-13    2.08888819E-05    2.22807264E-02   -2.51598019E-10    0.01931100    4.54409640E-10   -5.94498314E-04   -2.68096162E-12
    10.50   -0.03729615    1.93094000E-05   -1.65454000E-14    1.21842000E-05    2.23000000E-02   -1.82490000E-10    0.01931000    3.47838000E-11   -3.34803000E-04    1.73022000E-12
    11.00   -0.03729566    1.04624209E-05   -5.48739328E-14    6.59034963E-06    2.23059808E-02   -1.71161225E-10    0.01931544   -5.91605935E-10   -1.73596574E-04   -8.50562123E-12
